#
# There is insufficient memory for the Java Runtime Environment to continue.
# Native memory allocation (malloc) failed to allocate 78304 bytes for Chunk::new
# Possible reasons:
#   The system is out of physical RAM or swap space
#   In 32 bit mode, the process size limit was hit
# Possible solutions:
#   Reduce memory load on the system
#   Increase physical memory or swap space
#   Check if swap backing store is full
#   Use 64 bit Java on a 64 bit OS
#   Decrease Java heap size (-Xmx/-Xms)
#   Decrease number of Java threads
#   Decrease Java thread stack sizes (-Xss)
#   Set larger code cache with -XX:ReservedCodeCacheSize=
# This output file may be truncated or incomplete.
#
#  Out of Memory Error (allocation.cpp:390), pid=18136, tid=0x0000000000000540
#
# JRE version: Java(TM) SE Runtime Environment (8.0_112-b15) (build 1.8.0_112-b15)
# Java VM: Java HotSpot(TM) 64-Bit Server VM (25.112-b15 mixed mode windows-amd64 compressed oops)
# Failed to write core dump. Minidumps are not enabled by default on client versions of Windows
#

---------------  T H R E A D  ---------------

Current thread (0x0000000003039000):  JavaThread "main" [_thread_in_vm, id=1344, stack(0x0000000002ee0000,0x0000000002fe0000)]

Stack: [0x0000000002ee0000,0x0000000002fe0000]
[error occurred during error reporting (printing stack bounds), id 0xc0000005]

Native frames: (J=compiled Java code, j=interpreted, Vv=VM code, C=native code)

Java frames: (J=compiled Java code, j=interpreted, Vv=VM code)
J 2218  java.lang.ClassLoader._jr$jni$defineClass1(Ljava/lang/String;[BIILjava/security/ProtectionDomain;Ljava/lang/String;)Ljava/lang/Class; (0 bytes) @ 0x00000000038c9edf [0x00000000038c9e40+0x9f]
J 1920 C1 java.lang.ClassLoader._jr$defineClass(Ljava/lang/String;[BIILjava/security/ProtectionDomain;)Ljava/lang/Class; (43 bytes) @ 0x000000000384757c [0x0000000003847460+0x11c]
J 1918 C1 java.lang.ClassLoader.defineClass(Ljava/lang/String;[BIILjava/security/ProtectionDomain;)Ljava/lang/Class; (189 bytes) @ 0x00000000038460bc [0x0000000003845e60+0x25c]
J 2226 C1 java.net.URLClassLoader.defineClass(Ljava/lang/String;Lsun/misc/Resource;)Ljava/lang/Class; (243 bytes) @ 0x00000000038cc554 [0x00000000038cc080+0x4d4]
J 1763 C1 java.net.URLClassLoader$1.run()Ljava/lang/Class; (73 bytes) @ 0x00000000038026cc [0x0000000003802600+0xcc]
J 1762 C1 java.net.URLClassLoader$1.run()Ljava/lang/Object; (9 bytes) @ 0x00000000038022dc [0x00000000038022a0+0x3c]
v  ~StubRoutines::call_stub
J 1971  java.security.AccessController.doPrivileged(Ljava/security/PrivilegedExceptionAction;Ljava/security/AccessControlContext;)Ljava/lang/Object; (0 bytes) @ 0x000000000385e766 [0x000000000385e700+0x66]
J 1790 C1 java.net.URLClassLoader.findClass(Ljava/lang/String;)Ljava/lang/Class; (98 bytes) @ 0x00000000038196ac [0x0000000003819580+0x12c]
j  java.lang.ClassLoader.loadClass(Ljava/lang/String;Z)Ljava/lang/Class;+77
J 1923 C1 sun.misc.Launcher$AppClassLoader.loadClass(Ljava/lang/String;Z)Ljava/lang/Class; (95 bytes) @ 0x00000000038498cc [0x0000000003849620+0x2ac]
J 1810 C1 java.lang.ClassLoader.loadClass(Ljava/lang/String;)Ljava/lang/Class; (11 bytes) @ 0x000000000381ccfc [0x000000000381cca0+0x5c]
v  ~StubRoutines::call_stub
j  org.springframework.core.ReactiveAdapterRegistry$ReactorRegistrar.registerAdapters(Lorg/springframework/core/ReactiveAdapterRegistry;)V+5
j  org.springframework.core.ReactiveAdapterRegistry.<init>()V+28
j  org.springframework.core.ReactiveAdapterRegistry.getSharedInstance()Lorg/springframework/core/ReactiveAdapterRegistry;+28
j  org.springframework.core.Conventions.<clinit>()V+0
v  ~StubRoutines::call_stub
j  org.springframework.context.annotation.ConfigurationClassUtils.<clinit>()V+4
v  ~StubRoutines::call_stub
j  org.springframework.context.annotation.ConfigurationClassPostProcessor.processConfigBeanDefinitions(Lorg/springframework/beans/factory/support/BeanDefinitionRegistry;)V+91
j  org.springframework.context.annotation.ConfigurationClassPostProcessor.postProcessBeanDefinitionRegistry(Lorg/springframework/beans/factory/support/BeanDefinitionRegistry;)V+123
j  org.springframework.context.support.PostProcessorRegistrationDelegate.invokeBeanDefinitionRegistryPostProcessors(Ljava/util/Collection;Lorg/springframework/beans/factory/support/BeanDefinitionRegistry;)V+34
j  org.springframework.context.support.PostProcessorRegistrationDelegate.invokeBeanFactoryPostProcessors(Lorg/springframework/beans/factory/config/ConfigurableListableBeanFactory;Ljava/util/List;)V+259
j  org.springframework.context.support.AbstractApplicationContext.invokeBeanFactoryPostProcessors(Lorg/springframework/beans/factory/config/ConfigurableListableBeanFactory;)V+9
j  org.springframework.context.support.AbstractApplicationContext.__refresh()V+35
j  org.springframework.context.support.AbstractApplicationContext.jrLockAndRefresh(Lorg/springframework/beans/JrBeanReloader;)V+6
j  org.springframework.context.support.AbstractApplicationContext.refresh()V+75
j  org.springframework.boot.web.servlet.context.ServletWebServerApplicationContext.refresh()V+1
j  org.springframework.boot.SpringApplication.refresh(Lorg/springframework/context/ApplicationContext;)V+20
j  org.springframework.boot.SpringApplication.refreshContext(Lorg/springframework/context/ConfigurableApplicationContext;)V+2
j  org.springframework.boot.SpringApplication.run([Ljava/lang/String;)Lorg/springframework/context/ConfigurableApplicationContext;+128
j  org.springframework.boot.SpringApplication.run([Ljava/lang/Class;[Ljava/lang/String;)Lorg/springframework/context/ConfigurableApplicationContext;+9
j  org.springframework.boot.SpringApplication.run(Ljava/lang/Class;[Ljava/lang/String;)Lorg/springframework/context/ConfigurableApplicationContext;+9
j  com.lei.tool.Application.main([Ljava/lang/String;)V+13
v  ~StubRoutines::call_stub

---------------  P R O C E S S  ---------------

Java Threads: ( => current thread )
  0x000000001ba32000 JavaThread "logback-1" daemon [_thread_blocked, id=2116, stack(0x00000000227f0000,0x00000000228f0000)]
  0x000000001d902000 JavaThread "background-preinit" [_thread_in_Java, id=15288, stack(0x0000000021620000,0x0000000021720000)]
  0x000000001d902800 JavaThread "rebel-update-notifier-thread" daemon [_thread_in_native, id=13840, stack(0x0000000020e20000,0x0000000020f20000)]
  0x000000001d8ff800 JavaThread "RMI TCP Connection(2)-127.0.0.1" daemon [_thread_in_native, id=15824, stack(0x0000000020b20000,0x0000000020c20000)]
  0x000000001d8f8000 JavaThread "RMI Scheduler(0)" daemon [_thread_blocked, id=2204, stack(0x0000000020a20000,0x0000000020b20000)]
  0x000000001d8ff000 JavaThread "RMI TCP Accept-0" daemon [_thread_in_native, id=9732, stack(0x0000000020820000,0x0000000020920000)]
  0x000000001d8fa800 JavaThread "RMI TCP Connection(1)-127.0.0.1" daemon [_thread_in_native, id=14616, stack(0x0000000020720000,0x0000000020820000)]
  0x000000001d8fc800 JavaThread "RMI TCP Accept-64409" daemon [_thread_in_native, id=5444, stack(0x0000000020620000,0x0000000020720000)]
  0x000000001d8fe000 JavaThread "RMI TCP Accept-0" daemon [_thread_in_native, id=17784, stack(0x0000000020520000,0x0000000020620000)]
  0x000000001d8fd800 JavaThread "Service Thread" daemon [_thread_blocked, id=11292, stack(0x000000001f350000,0x000000001f450000)]
  0x000000001e00d000 JavaThread "C1 CompilerThread3" daemon [_thread_blocked, id=14396, stack(0x000000001f250000,0x000000001f350000)]
  0x000000001e006000 JavaThread "C2 CompilerThread2" daemon [_thread_blocked, id=9140, stack(0x000000001f150000,0x000000001f250000)]
  0x000000001e005800 JavaThread "C2 CompilerThread1" daemon [_thread_blocked, id=6880, stack(0x000000001f050000,0x000000001f150000)]
  0x000000001e002800 JavaThread "C2 CompilerThread0" daemon [_thread_blocked, id=5244, stack(0x000000001ef50000,0x000000001f050000)]
  0x000000001d8f5800 JavaThread "rebel-change-detector-thread" daemon [_thread_blocked, id=14688, stack(0x000000001ee50000,0x000000001ef50000)]
  0x000000001d8fc000 JavaThread "rebel-debugger-thread" daemon [_thread_blocked, id=17596, stack(0x000000001ed50000,0x000000001ee50000)]
  0x000000001d8f9800 JavaThread "rebel-debugger-attach-notifier" daemon [_thread_blocked, id=5944, stack(0x000000001ec50000,0x000000001ed50000)]
  0x000000001d8fb000 JavaThread "rebel-heartbeat-thread" daemon [_thread_blocked, id=4128, stack(0x000000001eb50000,0x000000001ec50000)]
  0x000000001ba31800 JavaThread "rebel-redeploy-thread" daemon [_thread_blocked, id=12708, stack(0x000000001ea50000,0x000000001eb50000)]
  0x000000001ba30000 JavaThread "rebel-leaseManager-1" daemon [_thread_blocked, id=7700, stack(0x000000001e850000,0x000000001e950000)]
  0x000000001ba2f000 JavaThread "rebel-weak-reaper" daemon [_thread_blocked, id=8248, stack(0x000000001e750000,0x000000001e850000)]
  0x000000001ba33800 JavaThread "rebel-messaging-executor-35" daemon [_thread_blocked, id=11940, stack(0x000000001e650000,0x000000001e750000)]
  0x000000001ba35000 JavaThread "rebel-cache-writer" daemon [_thread_blocked, id=5952, stack(0x000000001e550000,0x000000001e650000)]
  0x000000001ba36000 JavaThread "rebel-fsnotify-OutputReader" daemon [_thread_blocked, id=1348, stack(0x000000001e450000,0x000000001e550000)]
  0x000000001ba33000 JavaThread "rebel-fsnotify-OutputReader" daemon [_thread_blocked, id=6016, stack(0x000000001e350000,0x000000001e450000)]
  0x000000001ba30800 JavaThread "rebel-fsnotify-ShutdownOnTermination" daemon [_thread_blocked, id=2844, stack(0x000000001e250000,0x000000001e350000)]
  0x000000001ba09000 JavaThread "rebel-CacheKeepAlive" daemon [_thread_blocked, id=15328, stack(0x000000001c280000,0x000000001c380000)]
  0x000000001b87b000 JavaThread "rebel-logger" daemon [_thread_in_native, id=13508, stack(0x000000001bd80000,0x000000001be80000)]
  0x00000000199b9000 JavaThread "JDWP Command Reader" daemon [_thread_in_native, id=14540, stack(0x000000001b480000,0x000000001b580000)]
  0x00000000199b6000 JavaThread "JDWP Event Helper Thread" daemon [_thread_blocked, id=5688, stack(0x000000001b380000,0x000000001b480000)]
  0x000000000312c000 JavaThread "JDWP Transport Listener: dt_socket" daemon [_thread_blocked, id=17532, stack(0x000000001b280000,0x000000001b380000)]
  0x000000001999f800 JavaThread "Attach Listener" daemon [_thread_blocked, id=10436, stack(0x000000001b180000,0x000000001b280000)]
  0x000000001998e800 JavaThread "Signal Dispatcher" daemon [_thread_blocked, id=10848, stack(0x000000001b080000,0x000000001b180000)]
  0x00000000185fa800 JavaThread "Finalizer" daemon [_thread_blocked, id=9112, stack(0x000000001af80000,0x000000001b080000)]
  0x00000000185f4000 JavaThread "Reference Handler" daemon [_thread_blocked, id=8624, stack(0x000000001ae80000,0x000000001af80000)]
=>0x0000000003039000 JavaThread "main" [_thread_in_vm, id=1344, stack(0x0000000002ee0000,0x0000000002fe0000)]

Other Threads:
  0x0000000019933000 VMThread [stack: 0x000000001ad80000,0x000000001ae80000] [id=16616]
  0x000000001fb72800 WatcherThread [stack: 0x0000000020920000,0x0000000020a20000] [id=14508]

VM state:not at safepoint (normal execution)

VM Mutex/Monitor currently owned by a thread: None

Heap:
 PSYoungGen      total 141312K, used 20706K [0x00000000d5900000, 0x00000000df000000, 0x0000000100000000)
  eden space 128000K, 16% used [0x00000000d5900000,0x00000000d6d38bb8,0x00000000dd600000)
  from space 13312K, 0% used [0x00000000de300000,0x00000000de300000,0x00000000df000000)
  to   space 5120K, 0% used [0x00000000ddb00000,0x00000000ddb00000,0x00000000de000000)
 ParOldGen       total 119296K, used 26681K [0x0000000080a00000, 0x0000000087e80000, 0x00000000d5900000)
  object space 119296K, 22% used [0x0000000080a00000,0x000000008240e5b8,0x0000000087e80000)
 Metaspace       used 42705K, capacity 44054K, committed 44592K, reserved 1095680K
  class space    used 5424K, capacity 5818K, committed 5936K, reserved 1048576K

Card table byte_map: [0x0000000012800000,0x0000000012c00000] byte_map_base: 0x00000000123fb000

Marking Bits: (ParMarkBitMap*) 0x00000000546ba6d0
 Begin Bits: [0x00000000138b0000, 0x0000000015888000)
 End Bits:   [0x0000000015888000, 0x0000000017860000)

Polling page: 0x0000000000b90000

CodeCache: size=245760Kb used=6912Kb max_used=6912Kb free=238847Kb
 bounds [0x0000000003440000, 0x0000000003b10000, 0x0000000012440000]
 total_blobs=4110 nmethods=3656 adapters=374
 compilation: enabled

Compilation events (10 events):
Event: 4.607 Thread 0x000000001e00d000 nmethod 3590 0x0000000003aeb350 code [0x0000000003aeb4a0, 0x0000000003aeb5f0]
Event: 4.607 Thread 0x000000001e00d000 3591       1       com.sun.org.apache.xerces.internal.util.XMLAttributesImpl$Attribute::_jr$ip$value (9 bytes)
Event: 4.607 Thread 0x000000001e00d000 nmethod 3591 0x0000000003aeb6d0 code [0x0000000003aeb820, 0x0000000003aeb950]
Event: 4.607 Thread 0x000000001e00d000 3592       1       org.apache.tomcat.util.digester.Rule::_jr$ig$digester (8 bytes)
Event: 4.607 Thread 0x000000001e00d000 nmethod 3592 0x0000000003aeba10 code [0x0000000003aebb60, 0x0000000003aebc90]
Event: 4.607 Thread 0x000000001e00d000 3593       1       org.apache.juli.logging.DirectJDKLog::isDebugEnabled (11 bytes)
Event: 4.608 Thread 0x000000001e00d000 nmethod 3593 0x0000000003aebd50 code [0x0000000003aebea0, 0x0000000003aebff0]
Event: 4.608 Thread 0x000000001e00d000 3594       1       com.sun.org.apache.xerces.internal.impl.XMLEntityScanner::scanChar (240 bytes)
Event: 4.608 Thread 0x000000001e00d000 nmethod 3594 0x0000000003aec110 code [0x0000000003aec2a0, 0x0000000003aec638]
Event: 4.608 Thread 0x000000001e00d000 3597       1       com.sun.org.apache.xerces.internal.impl.XMLEntityScanner::skipSpaces (354 bytes)

GC Heap History (10 events):
Event: 3.842 GC heap before
{Heap before GC invocations=5 (full 1):
 PSYoungGen      total 71680K, used 66560K [0x00000000d5900000, 0x00000000de500000, 0x0000000100000000)
  eden space 66560K, 100% used [0x00000000d5900000,0x00000000d9a00000,0x00000000d9a00000)
  from space 5120K, 0% used [0x00000000d9a00000,0x00000000d9a00000,0x00000000d9f00000)
  to   space 5120K, 0% used [0x00000000de000000,0x00000000de000000,0x00000000de500000)
 ParOldGen       total 78848K, used 16564K [0x0000000080a00000, 0x0000000085700000, 0x00000000d5900000)
  object space 78848K, 21% used [0x0000000080a00000,0x0000000081a2d008,0x0000000085700000)
 Metaspace       used 29735K, capacity 30778K, committed 31024K, reserved 1077248K
  class space    used 3742K, capacity 4052K, committed 4144K, reserved 1048576K
Event: 3.848 GC heap after
Heap after GC invocations=5 (full 1):
 PSYoungGen      total 94720K, used 5117K [0x00000000d5900000, 0x00000000de500000, 0x0000000100000000)
  eden space 89600K, 0% used [0x00000000d5900000,0x00000000d5900000,0x00000000db080000)
  from space 5120K, 99% used [0x00000000de000000,0x00000000de4ff600,0x00000000de500000)
  to   space 5120K, 0% used [0x00000000ddb00000,0x00000000ddb00000,0x00000000de000000)
 ParOldGen       total 78848K, used 16580K [0x0000000080a00000, 0x0000000085700000, 0x00000000d5900000)
  object space 78848K, 21% used [0x0000000080a00000,0x0000000081a31008,0x0000000085700000)
 Metaspace       used 29735K, capacity 30778K, committed 31024K, reserved 1077248K
  class space    used 3742K, capacity 4052K, committed 4144K, reserved 1048576K
}
Event: 4.039 GC heap before
{Heap before GC invocations=6 (full 1):
 PSYoungGen      total 94720K, used 51617K [0x00000000d5900000, 0x00000000de500000, 0x0000000100000000)
  eden space 89600K, 51% used [0x00000000d5900000,0x00000000d86690d8,0x00000000db080000)
  from space 5120K, 99% used [0x00000000de000000,0x00000000de4ff600,0x00000000de500000)
  to   space 5120K, 0% used [0x00000000ddb00000,0x00000000ddb00000,0x00000000de000000)
 ParOldGen       total 78848K, used 16580K [0x0000000080a00000, 0x0000000085700000, 0x00000000d5900000)
  object space 78848K, 21% used [0x0000000080a00000,0x0000000081a31008,0x0000000085700000)
 Metaspace       used 34242K, capacity 35372K, committed 35496K, reserved 1081344K
  class space    used 4302K, capacity 4645K, committed 4656K, reserved 1048576K
Event: 4.045 GC heap after
Heap after GC invocations=6 (full 1):
 PSYoungGen      total 133120K, used 5103K [0x00000000d5900000, 0x00000000df000000, 0x0000000100000000)
  eden space 128000K, 0% used [0x00000000d5900000,0x00000000d5900000,0x00000000dd600000)
  from space 5120K, 99% used [0x00000000ddb00000,0x00000000ddffbdb0,0x00000000de000000)
  to   space 13312K, 0% used [0x00000000de300000,0x00000000de300000,0x00000000df000000)
 ParOldGen       total 78848K, used 18134K [0x0000000080a00000, 0x0000000085700000, 0x00000000d5900000)
  object space 78848K, 22% used [0x0000000080a00000,0x0000000081bb5a10,0x0000000085700000)
 Metaspace       used 34242K, capacity 35372K, committed 35496K, reserved 1081344K
  class space    used 4302K, capacity 4645K, committed 4656K, reserved 1048576K
}
Event: 4.045 GC heap before
{Heap before GC invocations=7 (full 2):
 PSYoungGen      total 133120K, used 5103K [0x00000000d5900000, 0x00000000df000000, 0x0000000100000000)
  eden space 128000K, 0% used [0x00000000d5900000,0x00000000d5900000,0x00000000dd600000)
  from space 5120K, 99% used [0x00000000ddb00000,0x00000000ddffbdb0,0x00000000de000000)
  to   space 13312K, 0% used [0x00000000de300000,0x00000000de300000,0x00000000df000000)
 ParOldGen       total 78848K, used 18134K [0x0000000080a00000, 0x0000000085700000, 0x00000000d5900000)
  object space 78848K, 22% used [0x0000000080a00000,0x0000000081bb5a10,0x0000000085700000)
 Metaspace       used 34242K, capacity 35372K, committed 35496K, reserved 1081344K
  class space    used 4302K, capacity 4645K, committed 4656K, reserved 1048576K
Event: 4.089 GC heap after
Heap after GC invocations=7 (full 2):
 PSYoungGen      total 133120K, used 0K [0x00000000d5900000, 0x00000000df000000, 0x0000000100000000)
  eden space 128000K, 0% used [0x00000000d5900000,0x00000000d5900000,0x00000000dd600000)
  from space 5120K, 0% used [0x00000000ddb00000,0x00000000ddb00000,0x00000000de000000)
  to   space 13312K, 0% used [0x00000000de300000,0x00000000de300000,0x00000000df000000)
 ParOldGen       total 119296K, used 21025K [0x0000000080a00000, 0x0000000087e80000, 0x00000000d5900000)
  object space 119296K, 17% used [0x0000000080a00000,0x0000000081e88430,0x0000000087e80000)
 Metaspace       used 34242K, capacity 35372K, committed 35496K, reserved 1081344K
  class space    used 4302K, capacity 4645K, committed 4656K, reserved 1048576K
}
Event: 4.419 GC heap before
{Heap before GC invocations=8 (full 2):
 PSYoungGen      total 133120K, used 91055K [0x00000000d5900000, 0x00000000df000000, 0x0000000100000000)
  eden space 128000K, 71% used [0x00000000d5900000,0x00000000db1ebc00,0x00000000dd600000)
  from space 5120K, 0% used [0x00000000ddb00000,0x00000000ddb00000,0x00000000de000000)
  to   space 13312K, 0% used [0x00000000de300000,0x00000000de300000,0x00000000df000000)
 ParOldGen       total 119296K, used 21025K [0x0000000080a00000, 0x0000000087e80000, 0x00000000d5900000)
  object space 119296K, 17% used [0x0000000080a00000,0x0000000081e88430,0x0000000087e80000)
 Metaspace       used 41256K, capacity 42494K, committed 42800K, reserved 1091584K
  class space    used 5229K, capacity 5582K, committed 5680K, reserved 1048576K
Event: 4.427 GC heap after
Heap after GC invocations=8 (full 2):
 PSYoungGen      total 141312K, used 8099K [0x00000000d5900000, 0x00000000df000000, 0x0000000100000000)
  eden space 128000K, 0% used [0x00000000d5900000,0x00000000d5900000,0x00000000dd600000)
  from space 13312K, 60% used [0x00000000de300000,0x00000000deae8e58,0x00000000df000000)
  to   space 5120K, 0% used [0x00000000ddb00000,0x00000000ddb00000,0x00000000de000000)
 ParOldGen       total 119296K, used 21097K [0x0000000080a00000, 0x0000000087e80000, 0x00000000d5900000)
  object space 119296K, 17% used [0x0000000080a00000,0x0000000081e9a440,0x0000000087e80000)
 Metaspace       used 41256K, capacity 42494K, committed 42800K, reserved 1091584K
  class space    used 5229K, capacity 5582K, committed 5680K, reserved 1048576K
}
Event: 4.427 GC heap before
{Heap before GC invocations=9 (full 3):
 PSYoungGen      total 141312K, used 8099K [0x00000000d5900000, 0x00000000df000000, 0x0000000100000000)
  eden space 128000K, 0% used [0x00000000d5900000,0x00000000d5900000,0x00000000dd600000)
  from space 13312K, 60% used [0x00000000de300000,0x00000000deae8e58,0x00000000df000000)
  to   space 5120K, 0% used [0x00000000ddb00000,0x00000000ddb00000,0x00000000de000000)
 ParOldGen       total 119296K, used 21097K [0x0000000080a00000, 0x0000000087e80000, 0x00000000d5900000)
  object space 119296K, 17% used [0x0000000080a00000,0x0000000081e9a440,0x0000000087e80000)
 Metaspace       used 41256K, capacity 42494K, committed 42800K, reserved 1091584K
  class space    used 5229K, capacity 5582K, committed 5680K, reserved 1048576K
Event: 4.532 GC heap after
Heap after GC invocations=9 (full 3):
 PSYoungGen      total 141312K, used 0K [0x00000000d5900000, 0x00000000df000000, 0x0000000100000000)
  eden space 128000K, 0% used [0x00000000d5900000,0x00000000d5900000,0x00000000dd600000)
  from space 13312K, 0% used [0x00000000de300000,0x00000000de300000,0x00000000df000000)
  to   space 5120K, 0% used [0x00000000ddb00000,0x00000000ddb00000,0x00000000de000000)
 ParOldGen       total 119296K, used 26681K [0x0000000080a00000, 0x0000000087e80000, 0x00000000d5900000)
  object space 119296K, 22% used [0x0000000080a00000,0x000000008240e5b8,0x0000000087e80000)
 Metaspace       used 41256K, capacity 42494K, committed 42800K, reserved 1089536K
  class space    used 5229K, capacity 5582K, committed 5680K, reserved 1048576K
}

Deoptimization events (0 events):
No events

Internal exceptions (10 events):
Event: 4.586 Thread 0x0000000003039000 Exception <a 'java/lang/ArrayIndexOutOfBoundsException'> (0x00000000d6575930) thrown at [C:\re\workspace\8-2-build-windows-amd64-cygwin\jdk8u112\7884\hotspot\src\share\vm\runtime\sharedRuntime.cpp, line 605]
Event: 4.588 Thread 0x0000000003039000 Exception <a 'java/lang/ClassNotFoundException': org/springframework/context/annotation/ConfigurationClassPostProcessorCustomizer> (0x00000000d65bb3b0) thrown at [C:\re\workspace\8-2-build-windows-amd64-cygwin\jdk8u112\7884\hotspot\src\share\vm\classfile\
Event: 4.594 Thread 0x0000000003039000 Exception <a 'java/lang/ClassNotFoundException': org/springframework/beans/factory/support/BeanDefinitionRegistryPostProcessorCustomizer> (0x00000000d6830910) thrown at [C:\re\workspace\8-2-build-windows-amd64-cygwin\jdk8u112\7884\hotspot\src\share\vm\cla
Event: 4.594 Thread 0x0000000003039000 Exception <a 'java/lang/ClassNotFoundException': org/springframework/core/PriorityOrderedCustomizer> (0x00000000d684b2f8) thrown at [C:\re\workspace\8-2-build-windows-amd64-cygwin\jdk8u112\7884\hotspot\src\share\vm\classfile\systemDictionary.cpp, line 210
Event: 4.595 Thread 0x0000000003039000 Exception <a 'java/lang/ClassNotFoundException': org/springframework/context/ResourceLoaderAwareCustomizer> (0x00000000d68678f0) thrown at [C:\re\workspace\8-2-build-windows-amd64-cygwin\jdk8u112\7884\hotspot\src\share\vm\classfile\systemDictionary.cpp, l
Event: 4.596 Thread 0x0000000003039000 Exception <a 'java/lang/ClassNotFoundException': org/springframework/beans/factory/BeanClassLoaderAwareCustomizer> (0x00000000d6887cc8) thrown at [C:\re\workspace\8-2-build-windows-amd64-cygwin\jdk8u112\7884\hotspot\src\share\vm\classfile\systemDictionary
Event: 4.596 Thread 0x0000000003039000 Exception <a 'java/lang/ClassNotFoundException': org/springframework/context/EnvironmentAwareCustomizer> (0x00000000d68a4590) thrown at [C:\re\workspace\8-2-build-windows-amd64-cygwin\jdk8u112\7884\hotspot\src\share\vm\classfile\systemDictionary.cpp, line
Event: 4.597 Thread 0x0000000003039000 Exception <a 'java/lang/ClassNotFoundException': org/zeroturnaround/javarebel/integration/spring/annotations/JrConfigurationClassPostProcessorCustomizer> (0x00000000d68d2410) thrown at [C:\re\workspace\8-2-build-windows-amd64-cygwin\jdk8u112\7884\hotspot\
Event: 4.597 Thread 0x0000000003039000 Exception <a 'java/lang/ClassNotFoundException': org/zeroturnaround/javarebel/ClassEventListenerCustomizer> (0x00000000d68e1db0) thrown at [C:\re\workspace\8-2-build-windows-amd64-cygwin\jdk8u112\7884\hotspot\src\share\vm\classfile\systemDictionary.cpp, l
Event: 4.597 Thread 0x0000000003039000 Exception <a 'java/lang/ArrayIndexOutOfBoundsException'> (0x00000000d68e3f80) thrown at [C:\re\workspace\8-2-build-windows-amd64-cygwin\jdk8u112\7884\hotspot\src\share\vm\runtime\sharedRuntime.cpp, line 605]

Events (10 events):
Event: 4.606 Thread 0x0000000003039000 DEOPT PACKING pc=0x000000000374676c sp=0x0000000002fdc550
Event: 4.606 Thread 0x0000000003039000 DEOPT UNPACKING pc=0x000000000348747f sp=0x0000000002fdc2e0 mode 1
Event: 4.607 loading class org/reactivestreams/Publisher
Event: 4.607 loading class org/reactivestreams/Publisher done
Event: 4.607 Thread 0x0000000003039000 DEOPT PACKING pc=0x0000000003819769 sp=0x0000000002fda580
Event: 4.607 Thread 0x0000000003039000 DEOPT UNPACKING pc=0x000000000348747f sp=0x0000000002fda2e0 mode 1
Event: 4.607 Thread 0x0000000003039000 DEOPT PACKING pc=0x000000000374681c sp=0x0000000002fda610
Event: 4.607 Thread 0x0000000003039000 DEOPT UNPACKING pc=0x000000000348747f sp=0x0000000002fda3a0 mode 1
Event: 4.607 Thread 0x0000000003039000 DEOPT PACKING pc=0x000000000374676c sp=0x0000000002fda710
Event: 4.607 Thread 0x0000000003039000 DEOPT UNPACKING pc=0x000000000348747f sp=0x0000000002fda4a0 mode 1


Dynamic libraries:
0x00007ff6e17e0000 - 0x00007ff6e1817000 	C:\Program Files\Java\jdk1.8.0_112\bin\java.exe
0x00007ffce2e10000 - 0x00007ffce2ff1000 	C:\WINDOWS\SYSTEM32\ntdll.dll
0x00007ffce20e0000 - 0x00007ffce2192000 	C:\WINDOWS\System32\KERNEL32.DLL
0x00007ffcdfd80000 - 0x00007ffcdfff3000 	C:\WINDOWS\System32\KERNELBASE.dll
0x00007ffce26b0000 - 0x00007ffce2751000 	C:\WINDOWS\System32\ADVAPI32.dll
0x00007ffce2a00000 - 0x00007ffce2a9e000 	C:\WINDOWS\System32\msvcrt.dll
0x00007ffce21a0000 - 0x00007ffce21fb000 	C:\WINDOWS\System32\sechost.dll
0x00007ffce02a0000 - 0x00007ffce03c4000 	C:\WINDOWS\System32\RPCRT4.dll
0x00007ffce2870000 - 0x00007ffce2a00000 	C:\WINDOWS\System32\USER32.dll
0x00007ffcdf380000 - 0x00007ffcdf3a0000 	C:\WINDOWS\System32\win32u.dll
0x00007ffce03d0000 - 0x00007ffce03f8000 	C:\WINDOWS\System32\GDI32.dll
0x00007ffcdfb80000 - 0x00007ffcdfd12000 	C:\WINDOWS\System32\gdi32full.dll
0x00007ffcdf2e0000 - 0x00007ffcdf37f000 	C:\WINDOWS\System32\msvcp_win.dll
0x00007ffcdf1e0000 - 0x00007ffcdf2da000 	C:\WINDOWS\System32\ucrtbase.dll
0x00007ffccd3d0000 - 0x00007ffccd639000 	C:\WINDOWS\WinSxS\amd64_microsoft.windows.common-controls_6595b64144ccf1df_6.0.17134.345_none_fb429a5930656358\COMCTL32.dll
0x00007ffce0620000 - 0x00007ffce0943000 	C:\WINDOWS\System32\combase.dll
0x00007ffcdfb00000 - 0x00007ffcdfb7a000 	C:\WINDOWS\System32\bcryptPrimitives.dll
0x00007ffce2760000 - 0x00007ffce278d000 	C:\WINDOWS\System32\IMM32.DLL
0x0000000054740000 - 0x0000000054812000 	C:\Program Files\Java\jdk1.8.0_112\jre\bin\msvcr100.dll
0x0000000053ea0000 - 0x000000005473a000 	C:\Program Files\Java\jdk1.8.0_112\jre\bin\server\jvm.dll
0x00007ffce2bd0000 - 0x00007ffce2bd8000 	C:\WINDOWS\System32\PSAPI.DLL
0x00007ffcda130000 - 0x00007ffcda139000 	C:\WINDOWS\SYSTEM32\WSOCK32.dll
0x00007ffcd61c0000 - 0x00007ffcd61ca000 	C:\WINDOWS\SYSTEM32\VERSION.dll
0x00007ffce2b60000 - 0x00007ffce2bcc000 	C:\WINDOWS\System32\WS2_32.dll
0x00007ffcd2100000 - 0x00007ffcd2123000 	C:\WINDOWS\SYSTEM32\WINMM.dll
0x00007ffcd20d0000 - 0x00007ffcd20fa000 	C:\WINDOWS\SYSTEM32\WINMMBASE.dll
0x00007ffcdf3a0000 - 0x00007ffcdf3e9000 	C:\WINDOWS\System32\cfgmgr32.dll
0x0000000053e90000 - 0x0000000053e9f000 	C:\Program Files\Java\jdk1.8.0_112\jre\bin\verify.dll
0x0000000053e60000 - 0x0000000053e89000 	C:\Program Files\Java\jdk1.8.0_112\jre\bin\java.dll
0x0000000053e00000 - 0x0000000053e35000 	C:\Program Files\Java\jdk1.8.0_112\jre\bin\jdwp.dll
0x0000000053d10000 - 0x0000000053d18000 	C:\Program Files\Java\jdk1.8.0_112\jre\bin\npt.dll
0x00007ffcd2ba0000 - 0x00007ffcd2bd9000 	C:\Users\sunlei\.IntelliJIdea2018.1\config\plugins\jr-ide-idea\lib\jrebel6\lib\jrebel64.dll
0x00007ffce0b40000 - 0x00007ffce1f7f000 	C:\WINDOWS\System32\SHELL32.dll
0x00007ffce2aa0000 - 0x00007ffce2b49000 	C:\WINDOWS\System32\shcore.dll
0x00007ffcdf3f0000 - 0x00007ffcdfafd000 	C:\WINDOWS\System32\windows.storage.dll
0x00007ffce2200000 - 0x00007ffce2251000 	C:\WINDOWS\System32\shlwapi.dll
0x00007ffcdf190000 - 0x00007ffcdf1a1000 	C:\WINDOWS\System32\kernel.appcore.dll
0x00007ffcdf170000 - 0x00007ffcdf18f000 	C:\WINDOWS\System32\profapi.dll
0x00007ffcdf120000 - 0x00007ffcdf16c000 	C:\WINDOWS\System32\powrprof.dll
0x00007ffcdf1b0000 - 0x00007ffcdf1ba000 	C:\WINDOWS\System32\FLTLIB.DLL
0x00007ffcdeb70000 - 0x00007ffcdeb7b000 	C:\WINDOWS\SYSTEM32\CRYPTBASE.DLL
0x0000000053ce0000 - 0x0000000053d03000 	C:\Program Files\Java\jdk1.8.0_112\jre\bin\instrument.dll
0x0000000053e40000 - 0x0000000053e56000 	C:\Program Files\Java\jdk1.8.0_112\jre\bin\zip.dll
0x0000000053cd0000 - 0x0000000053cd9000 	C:\Program Files\Java\jdk1.8.0_112\jre\bin\dt_socket.dll
0x00007ffcde9a0000 - 0x00007ffcdea06000 	C:\WINDOWS\system32\mswsock.dll
0x0000000053c80000 - 0x0000000053c8d000 	C:\Program Files\Java\jdk1.8.0_112\jre\bin\management.dll
0x0000000053cb0000 - 0x0000000053cca000 	C:\Program Files\Java\jdk1.8.0_112\jre\bin\net.dll
0x0000000053c90000 - 0x0000000053ca1000 	C:\Program Files\Java\jdk1.8.0_112\jre\bin\nio.dll
0x0000000053c50000 - 0x0000000053c74000 	C:\Program Files\Java\jdk1.8.0_112\jre\bin\sunec.dll
0x00007ffcd9de0000 - 0x00007ffcd9dfb000 	C:\Users\sunlei\AppData\Local\Temp\jrebel-temp\ver-825748da\IdeaWin64.dll
0x0000000053c40000 - 0x0000000053c4b000 	C:\Program Files\Java\jdk1.8.0_112\jre\bin\sunmscapi.dll
0x00007ffce0000000 - 0x00007ffce01e2000 	C:\WINDOWS\System32\CRYPT32.dll
0x00007ffcdf1c0000 - 0x00007ffcdf1d2000 	C:\WINDOWS\System32\MSASN1.dll
0x00007ffcde720000 - 0x00007ffcde758000 	C:\WINDOWS\SYSTEM32\IPHLPAPI.DLL
0x00007ffce2b50000 - 0x00007ffce2b58000 	C:\WINDOWS\System32\NSI.dll
0x00007ffcdb040000 - 0x00007ffcdb056000 	C:\WINDOWS\SYSTEM32\dhcpcsvc6.DLL
0x00007ffcdb000000 - 0x00007ffcdb01a000 	C:\WINDOWS\SYSTEM32\dhcpcsvc.DLL
0x00007ffcdeb50000 - 0x00007ffcdeb67000 	C:\WINDOWS\SYSTEM32\CRYPTSP.dll
0x00007ffcde580000 - 0x00007ffcde5b3000 	C:\WINDOWS\system32\rsaenh.dll
0x00007ffcdec80000 - 0x00007ffcdeca5000 	C:\WINDOWS\SYSTEM32\bcrypt.dll
0x00007ffcdf020000 - 0x00007ffcdf048000 	C:\WINDOWS\SYSTEM32\USERENV.dll
0x00007ffcd38b0000 - 0x00007ffcd38c6000 	C:\WINDOWS\system32\napinsp.dll
0x00007ffcd3890000 - 0x00007ffcd38aa000 	C:\WINDOWS\system32\pnrpnsp.dll
0x00007ffcdb100000 - 0x00007ffcdb119000 	C:\WINDOWS\system32\NLAapi.dll
0x00007ffcde760000 - 0x00007ffcde81e000 	C:\WINDOWS\SYSTEM32\DNSAPI.dll
0x00007ffcd43a0000 - 0x00007ffcd43ae000 	C:\WINDOWS\System32\winrnr.dll
0x00007ffcd9680000 - 0x00007ffcd968a000 	C:\Windows\System32\rasadhlp.dll
0x00007ffcdaa20000 - 0x00007ffcdaa92000 	C:\WINDOWS\System32\fwpuclnt.dll

VM Arguments:
jvm_args: -agentlib:jdwp=transport=dt_socket,address=127.0.0.1:64410,suspend=y,server=n -Drebel.base=C:\Users\sunlei\.jrebel -Drebel.env.ide.plugin.version=2018.1.4 -Drebel.env.ide.version=2018.1.5 -Drebel.env.ide.product=IU -Drebel.env.ide=intellij -Drebel.notification.url=http://localhost:17434 -agentpath:C:\Users\sunlei\.IntelliJIdea2018.1\config\plugins\jr-ide-idea\lib\jrebel6\lib\jrebel64.dll -XX:TieredStopAtLevel=1 -Xverify:none -Dspring.output.ansi.enabled=always -Dcom.sun.management.jmxremote -Dcom.sun.management.jmxremote.port=64409 -Dcom.sun.management.jmxremote.authenticate=false -Dcom.sun.management.jmxremote.ssl=false -Djava.rmi.server.hostname=localhost -Dspring.liveBeansView.mbeanDomain -Dspring.application.admin.enabled=true -javaagent:C:\Users\sunlei\.IntelliJIdea2018.1\system\captureAgent\debugger-agent.jar=file:/C:/Users/sunlei/AppData/Local/Temp/capture.props -Dfile.encoding=UTF-8 
java_command: com.lei.tool.Application
java_class_path (initial): C:\Program Files\Java\jdk1.8.0_112\jre\lib\charsets.jar;C:\Program Files\Java\jdk1.8.0_112\jre\lib\deploy.jar;C:\Program Files\Java\jdk1.8.0_112\jre\lib\ext\access-bridge-64.jar;C:\Program Files\Java\jdk1.8.0_112\jre\lib\ext\cldrdata.jar;C:\Program Files\Java\jdk1.8.0_112\jre\lib\ext\dnsns.jar;C:\Program Files\Java\jdk1.8.0_112\jre\lib\ext\jaccess.jar;C:\Program Files\Java\jdk1.8.0_112\jre\lib\ext\jfxrt.jar;C:\Program Files\Java\jdk1.8.0_112\jre\lib\ext\localedata.jar;C:\Program Files\Java\jdk1.8.0_112\jre\lib\ext\nashorn.jar;C:\Program Files\Java\jdk1.8.0_112\jre\lib\ext\sunec.jar;C:\Program Files\Java\jdk1.8.0_112\jre\lib\ext\sunjce_provider.jar;C:\Program Files\Java\jdk1.8.0_112\jre\lib\ext\sunmscapi.jar;C:\Program Files\Java\jdk1.8.0_112\jre\lib\ext\sunpkcs11.jar;C:\Program Files\Java\jdk1.8.0_112\jre\lib\ext\zipfs.jar;C:\Program Files\Java\jdk1.8.0_112\jre\lib\javaws.jar;C:\Program Files\Java\jdk1.8.0_112\jre\lib\jce.jar;C:\Program Files\Java\jdk1.8.0_112\jre\lib\jfr.jar;C:\Program Files\Java\jdk1.8.0_112\jre\lib\jfxswt.jar;C:\Program Files\Java\jdk1.8.0_112\jre\lib\jsse.jar;C:\Program Files\Java\jdk1.8.0_112\jre\lib\management-agent.jar;C:\Program Files\Java\jdk1.8.0_112\jre\lib\plugin.jar;C:\Program Files\Java\jdk1.8.0_112\jre\lib\resources.jar;C:\Program Files\Java\jdk1.8.0_112\jre\lib\rt.jar;C:\Users\sunlei\Desktop\tool\target\classes;D:\work\apache-maven-3.5.2\mavenrepo\org\springframework\boot\spring-boot-starter-web\2.0.1.RELEASE\spring-boot-starter-web-2.0.1.RELEASE.jar;D:\work\apache-maven-3.5.2\mavenrepo\org\springframework\boot\spring-boot-starter\2.0.1.RELEASE\spring-boot-starter-2.0.1.RELEASE.jar;D:\work\apache-maven-3.5.2\mavenrepo\org\springframework\boot\spring-boot\2.0.1.RELEASE\spring-boot-2.0.1.RELEASE.jar;D:\work\apache-maven-3.5.2\mavenrepo\org\springframework\boot\spring-boot-autoconfigure\2.0.1.RELEASE\spring-boot-autoconfigure-2.0.1.RELEASE.jar;D:\work\apache-maven-3.5.2\mavenrepo\org\springframework\boot\spr
Launcher Type: SUN_STANDARD

Environment Variables:
PATH=C:\ProgramData\Oracle\Java\javapath;C:\WINDOWS\system32;C:\WINDOWS;C:\WINDOWS\System32\Wbem;C:\WINDOWS\System32\WindowsPowerShell\v1.0\;C:\WINDOWS\System32\OpenSSH\;C:\Users\sunlei\AppData\Local\Microsoft\WindowsApps;C:\Users\sunlei\AppData\Local\GitHubDesktop\bin
USERNAME=sunlei
OS=Windows_NT
PROCESSOR_IDENTIFIER=AMD64 Family 23 Model 1 Stepping 1, AuthenticAMD



---------------  S Y S T E M  ---------------

OS: Windows 10.0 , 64 bit Build 17134 (10.0.17134.1)

CPU:total 12 (12 cores per cpu, 1 threads per core) family 23 model 1 stepping 1, cmov, cx8, fxsr, mmx, sse, sse2, sse3, ssse3, sse4.1, sse4.2, popcnt, avx, avx2, aes, clmul, mmxext, 3dnowpref, lzcnt, sse4a, tsc, tscinvbit, tscinv, bmi1

Memory: 4k page, physical 8339760k(3295984k free), swap 17455656k(224k free)

vm_info: Java HotSpot(TM) 64-Bit Server VM (25.112-b15) for windows-amd64 JRE (1.8.0_112-b15), built on Sep 22 2016 21:31:56 by "java_re" with MS VC++ 10.0 (VS2010)

time: Thu Oct 25 23:16:24 2018
elapsed time: 4 seconds (0d 0h 0m 4s)

